[debug] [2020-12-13T14:27:33.786Z] ----------------------------------------------------------------------
[debug] [2020-12-13T14:27:33.788Z] Command:       /usr/local/bin/node /Users/somchit.c/Documents/Projects/mytest/myshop/node_modules/.bin/firebase login
[debug] [2020-12-13T14:27:33.788Z] CLI Version:   8.19.0
[debug] [2020-12-13T14:27:33.788Z] Platform:      darwin
[debug] [2020-12-13T14:27:33.788Z] Node Version:  v12.15.0
[debug] [2020-12-13T14:27:33.789Z] Time:          Sun Dec 13 2020 21:27:33 GMT+0700 (Indochina Time)
[debug] [2020-12-13T14:27:33.789Z] ----------------------------------------------------------------------
[debug] [2020-12-13T14:27:33.789Z] 
[debug] [2020-12-13T14:27:33.790Z] >>> [apiv2][query] GET https://firebase-public.firebaseio.com/cli.json [none]
[info] i  Firebase optionally collects CLI usage and error reporting information to help improve our products. Data is collected in accordance with Google's privacy policy (https://policies.google.com/privacy) and is not used to identify you.
 
[debug] [2020-12-13T14:27:35.064Z] <<< [apiv2][status] GET https://firebase-public.firebaseio.com/cli.json 200
[debug] [2020-12-13T14:27:35.064Z] <<< [apiv2][body] GET https://firebase-public.firebaseio.com/cli.json {"cloudBuildErrorAfter":1594252800000,"cloudBuildWarnAfter":1590019200000,"defaultNode10After":1594252800000,"minVersion":"3.0.5","node8DeploysDisabledAfter":1613390400000,"node8RuntimeDisabledAfter":1615809600000,"node8WarnAfter":1600128000000}
[info] i  To change your data collection preference at any time, run `firebase logout` and log in again. 
[info] 
[info] Visit this URL on this device to log in:
[info] https://accounts.google.com/o/oauth2/auth?client_id=563584335869-fgrhgmd47bqnekij5i8b5pr03ho849e6.apps.googleusercontent.com&scope=email%20openid%20https%3A%2F%2Fwww.googleapis.com%2Fauth%2Fcloudplatformprojects.readonly%20https%3A%2F%2Fwww.googleapis.com%2Fauth%2Ffirebase%20https%3A%2F%2Fwww.googleapis.com%2Fauth%2Fcloud-platform&response_type=code&state=433348559&redirect_uri=http%3A%2F%2Flocalhost%3A9005
[info] 
[info] Waiting for authentication...
[debug] [2020-12-13T14:29:41.235Z] ----------------------------------------------------------------------
[debug] [2020-12-13T14:29:41.237Z] Command:       /usr/local/bin/node /Users/somchit.c/Documents/Projects/mytest/myshop/node_modules/.bin/firebase login
[debug] [2020-12-13T14:29:41.237Z] CLI Version:   8.19.0
[debug] [2020-12-13T14:29:41.237Z] Platform:      darwin
[debug] [2020-12-13T14:29:41.237Z] Node Version:  v12.15.0
[debug] [2020-12-13T14:29:41.237Z] Time:          Sun Dec 13 2020 21:29:41 GMT+0700 (Indochina Time)
[debug] [2020-12-13T14:29:41.238Z] ----------------------------------------------------------------------
[debug] [2020-12-13T14:29:41.238Z] 
[info] i  Firebase optionally collects CLI usage and error reporting information to help improve our products. Data is collected in accordance with Google's privacy policy (https://policies.google.com/privacy) and is not used to identify you.
 
[info] i  To change your data collection preference at any time, run `firebase logout` and log in again. 
[info] 
[info] Visit this URL on this device to log in:
[info] https://accounts.google.com/o/oauth2/auth?client_id=563584335869-fgrhgmd47bqnekij5i8b5pr03ho849e6.apps.googleusercontent.com&scope=email%20openid%20https%3A%2F%2Fwww.googleapis.com%2Fauth%2Fcloudplatformprojects.readonly%20https%3A%2F%2Fwww.googleapis.com%2Fauth%2Ffirebase%20https%3A%2F%2Fwww.googleapis.com%2Fauth%2Fcloud-platform&response_type=code&state=358321020&redirect_uri=http%3A%2F%2Flocalhost%3A9005
[info] 
[info] Waiting for authentication...
[debug] [2020-12-13T14:56:06.037Z] ----------------------------------------------------------------------
[debug] [2020-12-13T14:56:06.039Z] Command:       /usr/local/bin/node /Users/somchit.c/Documents/Projects/mytest/myshop/node_modules/.bin/firebase login
[debug] [2020-12-13T14:56:06.039Z] CLI Version:   8.19.0
[debug] [2020-12-13T14:56:06.039Z] Platform:      darwin
[debug] [2020-12-13T14:56:06.039Z] Node Version:  v12.15.0
[debug] [2020-12-13T14:56:06.043Z] Time:          Sun Dec 13 2020 21:56:06 GMT+0700 (Indochina Time)
[debug] [2020-12-13T14:56:06.043Z] ----------------------------------------------------------------------
[debug] [2020-12-13T14:56:06.043Z] 
[info] i  Firebase optionally collects CLI usage and error reporting information to help improve our products. Data is collected in accordance with Google's privacy policy (https://policies.google.com/privacy) and is not used to identify you.
 
[info] i  To change your data collection preference at any time, run `firebase logout` and log in again. 
[info] 
[info] Visit this URL on this device to log in:
[info] https://accounts.google.com/o/oauth2/auth?client_id=563584335869-fgrhgmd47bqnekij5i8b5pr03ho849e6.apps.googleusercontent.com&scope=email%20openid%20https%3A%2F%2Fwww.googleapis.com%2Fauth%2Fcloudplatformprojects.readonly%20https%3A%2F%2Fwww.googleapis.com%2Fauth%2Ffirebase%20https%3A%2F%2Fwww.googleapis.com%2Fauth%2Fcloud-platform&response_type=code&state=1020983420&redirect_uri=http%3A%2F%2Flocalhost%3A9005
[info] 
[info] Waiting for authentication...
[debug] [2020-12-13T14:57:13.887Z] ----------------------------------------------------------------------
[debug] [2020-12-13T14:57:13.889Z] Command:       /usr/local/bin/node /Users/somchit.c/Documents/Projects/mytest/myshop/node_modules/.bin/firebase login
[debug] [2020-12-13T14:57:13.889Z] CLI Version:   8.19.0
[debug] [2020-12-13T14:57:13.889Z] Platform:      darwin
[debug] [2020-12-13T14:57:13.889Z] Node Version:  v12.15.0
[debug] [2020-12-13T14:57:13.890Z] Time:          Sun Dec 13 2020 21:57:13 GMT+0700 (Indochina Time)
[debug] [2020-12-13T14:57:13.890Z] ----------------------------------------------------------------------
[debug] [2020-12-13T14:57:13.890Z] 
[info] i  Firebase optionally collects CLI usage and error reporting information to help improve our products. Data is collected in accordance with Google's privacy policy (https://policies.google.com/privacy) and is not used to identify you.
 
[info] i  To change your data collection preference at any time, run `firebase logout` and log in again. 
[info] 
[info] Visit this URL on this device to log in:
[info] https://accounts.google.com/o/oauth2/auth?client_id=563584335869-fgrhgmd47bqnekij5i8b5pr03ho849e6.apps.googleusercontent.com&scope=email%20openid%20https%3A%2F%2Fwww.googleapis.com%2Fauth%2Fcloudplatformprojects.readonly%20https%3A%2F%2Fwww.googleapis.com%2Fauth%2Ffirebase%20https%3A%2F%2Fwww.googleapis.com%2Fauth%2Fcloud-platform&response_type=code&state=231171593&redirect_uri=http%3A%2F%2Flocalhost%3A9005
[info] 
[info] Waiting for authentication...
